{"protocol":null,"slashes":null,"auth":null,"host":null,"port":null,"hostname":null,"hash":null,"search":"","query":{},"pathname":"/fu","path":"/fu","href":"/fu","level":"info","message":"","timestamp":"2017-05-11T14:35:34.097Z"}
{"level":"error","message":"UNknown URL!","timestamp":"2017-05-11T14:35:34.100Z"}
{"protocol":null,"slashes":null,"auth":null,"host":null,"port":null,"hostname":null,"hash":null,"search":"?message=Helld","query":{"message":"Helld"},"pathname":"/echo","path":"/echo?message=Helld","href":"/echo?message=Helld","level":"info","message":"","timestamp":"2017-05-11T14:36:31.438Z"}
{"level":"debug","message":"Helld","timestamp":"2017-05-11T14:36:31.438Z"}
{"protocol":null,"slashes":null,"auth":null,"host":null,"port":null,"hostname":null,"hash":null,"search":"?message=Helld","query":{"message":"Helld"},"pathname":"/echo","path":"/echo?message=Helld","href":"/echo?message=Helld","level":"info","message":"","timestamp":"2017-05-12T11:16:54.601Z"}
{"level":"debug","message":"Helld","timestamp":"2017-05-12T11:16:54.603Z"}
{"protocol":null,"slashes":null,"auth":null,"host":null,"port":null,"hostname":null,"hash":null,"search":"?message=Hello1","query":{"message":"Hello1"},"pathname":"/echo","path":"/echo?message=Hello1","href":"/echo?message=Hello1","level":"info","message":"","timestamp":"2017-05-24T14:01:47.718Z"}
{"level":"debug","message":"Hello1","timestamp":"2017-05-24T14:01:47.720Z"}
{"protocol":null,"slashes":null,"auth":null,"host":null,"port":null,"hostname":null,"hash":null,"search":"","query":{},"pathname":"/favicon.ico","path":"/favicon.ico","href":"/favicon.ico","level":"info","message":"","timestamp":"2017-05-24T14:01:48.007Z"}
{"level":"error","message":"UNknown URL!","timestamp":"2017-05-24T14:01:48.007Z"}
{"protocol":null,"slashes":null,"auth":null,"host":null,"port":null,"hostname":null,"hash":null,"search":"?message=Hello234","query":{"message":"Hello234"},"pathname":"/echo","path":"/echo?message=Hello234","href":"/echo?message=Hello234","level":"info","message":"","timestamp":"2017-05-24T14:02:07.880Z"}
{"level":"debug","message":"Hello234","timestamp":"2017-05-24T14:02:07.880Z"}
{"protocol":null,"slashes":null,"auth":null,"host":null,"port":null,"hostname":null,"hash":null,"search":"?Hello1","query":{"Hello1":""},"pathname":"/echo","path":"/echo?Hello1","href":"/echo?Hello1","level":"info","message":"","timestamp":"2017-05-30T11:38:58.939Z"}
{"level":"error","message":"UNknown URL!","timestamp":"2017-05-30T11:38:58.939Z"}
{"protocol":null,"slashes":null,"auth":null,"host":null,"port":null,"hostname":null,"hash":null,"search":"?message=Hello234","query":{"message":"Hello234"},"pathname":"/echo","path":"/echo?message=Hello234","href":"/echo?message=Hello234","level":"info","message":"","timestamp":"2017-05-30T11:39:27.853Z"}
{"level":"debug","message":"Hello234","timestamp":"2017-05-30T11:39:27.853Z"}
{"protocol":null,"slashes":null,"auth":null,"host":null,"port":null,"hostname":null,"hash":null,"search":"?message=Hello234","query":{"message":"Hello234"},"pathname":"/echo","path":"/echo?message=Hello234","href":"/echo?message=Hello234","level":"info","message":"","timestamp":"2017-05-30T11:39:39.922Z"}
{"level":"debug","message":"Hello234","timestamp":"2017-05-30T11:39:39.922Z"}
{"protocol":null,"slashes":null,"auth":null,"host":null,"port":null,"hostname":null,"hash":null,"search":"","query":{},"pathname":"/favicon.ico","path":"/favicon.ico","href":"/favicon.ico","level":"info","message":"","timestamp":"2017-05-30T11:39:40.262Z"}
{"level":"error","message":"UNknown URL!","timestamp":"2017-05-30T11:39:40.262Z"}
{"protocol":null,"slashes":null,"auth":null,"host":null,"port":null,"hostname":null,"hash":null,"search":"?message=Hello2345","query":{"message":"Hello2345"},"pathname":"/echo","path":"/echo?message=Hello2345","href":"/echo?message=Hello2345","level":"info","message":"","timestamp":"2017-05-30T11:39:43.252Z"}
{"level":"debug","message":"Hello2345","timestamp":"2017-05-30T11:39:43.252Z"}
{"protocol":null,"slashes":null,"auth":null,"host":null,"port":null,"hostname":null,"hash":null,"search":"?message=Hello2345","query":{"message":"Hello2345"},"pathname":"/echo","path":"/echo?message=Hello2345","href":"/echo?message=Hello2345","level":"info","message":"","timestamp":"2017-05-30T11:44:48.370Z"}
{"level":"debug","message":"Hello2345","timestamp":"2017-05-30T11:45:02.439Z"}
{"protocol":null,"slashes":null,"auth":null,"host":null,"port":null,"hostname":null,"hash":null,"search":"?message=Hello2345","query":{"message":"Hello2345"},"pathname":"/echo","path":"/echo?message=Hello2345","href":"/echo?message=Hello2345","level":"info","message":"","timestamp":"2017-05-30T11:45:44.110Z"}
{"level":"debug","message":"Hello2345","timestamp":"2017-05-30T11:47:19.765Z"}
{"protocol":null,"slashes":null,"auth":null,"host":null,"port":null,"hostname":null,"hash":null,"search":"?message=Hello2345","query":{"message":"Hello2345"},"pathname":"/echo","path":"/echo?message=Hello2345","href":"/echo?message=Hello2345","level":"info","message":"","timestamp":"2017-05-30T11:49:36.602Z"}
{"level":"debug","message":"Hello2345","timestamp":"2017-05-30T11:49:36.604Z"}
{"protocol":null,"slashes":null,"auth":null,"host":null,"port":null,"hostname":null,"hash":null,"search":"?message=Hello2345","query":{"message":"Hello2345"},"pathname":"/echo","path":"/echo?message=Hello2345","href":"/echo?message=Hello2345","level":"info","message":"","timestamp":"2017-05-30T11:49:46.511Z"}
{"level":"debug","message":"Hello2345","timestamp":"2017-05-30T11:49:46.511Z"}
{"protocol":null,"slashes":null,"auth":null,"host":null,"port":null,"hostname":null,"hash":null,"search":"?message=Hello2345","query":{"message":"Hello2345"},"pathname":"/echo","path":"/echo?message=Hello2345","href":"/echo?message=Hello2345","level":"info","message":"","timestamp":"2017-05-30T11:49:47.644Z"}
{"level":"debug","message":"Hello2345","timestamp":"2017-05-30T11:49:47.645Z"}
{"protocol":null,"slashes":null,"auth":null,"host":null,"port":null,"hostname":null,"hash":null,"search":"?message=Hello2345","query":{"message":"Hello2345"},"pathname":"/echo","path":"/echo?message=Hello2345","href":"/echo?message=Hello2345","level":"info","message":"","timestamp":"2017-05-30T11:51:44.767Z"}
{"level":"debug","message":"Hello2345","timestamp":"2017-05-30T11:51:44.769Z"}
